Release 14.7 - xst P.20131013 (nt64)
Copyright (c) 1995-2013 Xilinx, Inc.  All rights reserved.
--> Parameter TMPDIR set to xst/projnav.tmp


Total REAL time to Xst completion: 0.00 secs
Total CPU time to Xst completion: 0.19 secs
 
--> Parameter xsthdpdir set to xst


Total REAL time to Xst completion: 0.00 secs
Total CPU time to Xst completion: 0.20 secs
 
--> Reading design: CLK_Divider2.prj

TABLE OF CONTENTS
  1) Synthesis Options Summary
  2) HDL Compilation
  3) Design Hierarchy Analysis
  4) HDL Analysis
  5) HDL Synthesis
     5.1) HDL Synthesis Report
  6) Advanced HDL Synthesis
     6.1) Advanced HDL Synthesis Report
  7) Low Level Synthesis
  8) Partition Report
  9) Final Report
	9.1) Device utilization summary
	9.2) Partition Resource Summary
	9.3) TIMING REPORT


=========================================================================
*                      Synthesis Options Summary                        *
=========================================================================
---- Source Parameters
Input File Name                    : "CLK_Divider2.prj"
Input Format                       : mixed
Ignore Synthesis Constraint File   : NO

---- Target Parameters
Output File Name                   : "CLK_Divider2"
Output Format                      : NGC
Target Device                      : xc3s50a-5-vq100

---- Source Options
Top Module Name                    : CLK_Divider2
Automatic FSM Extraction           : YES
FSM Encoding Algorithm             : Auto
Safe Implementation                : No
FSM Style                          : LUT
RAM Extraction                     : Yes
RAM Style                          : Auto
ROM Extraction                     : Yes
Mux Style                          : Auto
Decoder Extraction                 : YES
Priority Encoder Extraction        : Yes
Shift Register Extraction          : YES
Logical Shifter Extraction         : YES
XOR Collapsing                     : YES
ROM Style                          : Auto
Mux Extraction                     : Yes
Resource Sharing                   : YES
Asynchronous To Synchronous        : NO
Multiplier Style                   : Auto
Automatic Register Balancing       : No

---- Target Options
Add IO Buffers                     : YES
Global Maximum Fanout              : 100000
Add Generic Clock Buffer(BUFG)     : 24
Register Duplication               : YES
Slice Packing                      : YES
Optimize Instantiated Primitives   : NO
Use Clock Enable                   : Yes
Use Synchronous Set                : Yes
Use Synchronous Reset              : Yes
Pack IO Registers into IOBs        : Auto
Equivalent register Removal        : YES

---- General Options
Optimization Goal                  : Speed
Optimization Effort                : 1
Keep Hierarchy                     : No
Netlist Hierarchy                  : As_Optimized
RTL Output                         : Yes
Global Optimization                : AllClockNets
Read Cores                         : YES
Write Timing Constraints           : NO
Cross Clock Analysis               : NO
Hierarchy Separator                : /
Bus Delimiter                      : <>
Case Specifier                     : Maintain
Slice Utilization Ratio            : 100
BRAM Utilization Ratio             : 100
Verilog 2001                       : YES
Auto BRAM Packing                  : NO
Slice Utilization Ratio Delta      : 5

=========================================================================


=========================================================================
*                          HDL Compilation                              *
=========================================================================
Compiling vhdl file "C:/Users/otal19/Desktop/Project/WoodalNumbers/CLK_Divider2.vhd" in Library work.
Entity <CLK_Divider2> compiled.
Entity <CLK_Divider2> (Architecture <Behavioral>) compiled.

=========================================================================
*                     Design Hierarchy Analysis                         *
=========================================================================
Analyzing hierarchy for entity <CLK_Divider2> in library <work> (architecture <Behavioral>).


=========================================================================
*                            HDL Analysis                               *
=========================================================================
Analyzing Entity <CLK_Divider2> in library <work> (Architecture <Behavioral>).
Entity <CLK_Divider2> analyzed. Unit <CLK_Divider2> generated.


=========================================================================
*                           HDL Synthesis                               *
=========================================================================

Performing bidirectional port resolution...

Synthesizing Unit <CLK_Divider2>.
    Related source file is "C:/Users/otal19/Desktop/Project/WoodalNumbers/CLK_Divider2.vhd".
    Found 19-bit up counter for signal <counter>.
    Found 19-bit comparator lessequal for signal <counter$cmp_le0000> created at line 46.
    Summary:
	inferred   1 Counter(s).
	inferred   1 Comparator(s).
Unit <CLK_Divider2> synthesized.


=========================================================================
HDL Synthesis Report

Macro Statistics
# Counters                                             : 1
 19-bit up counter                                     : 1
# Comparators                                          : 1
 19-bit comparator lessequal                           : 1

=========================================================================

=========================================================================
*                       Advanced HDL Synthesis                          *
=========================================================================


=========================================================================
Advanced HDL Synthesis Report

Macro Statistics
# Counters                                             : 1
 19-bit up counter                                     : 1
# Comparators                                          : 1
 19-bit comparator lessequal                           : 1

=========================================================================

=========================================================================
*                         Low Level Synthesis                           *
=========================================================================

Optimizing unit <CLK_Divider2> ...

Mapping all equations...
Building and optimizing final netlist ...
Found area constraint ratio of 100 (+ 5) on block CLK_Divider2, actual ratio is 2.

Final Macro Processing ...

=========================================================================
Final Register Report

Macro Statistics
# Registers                                            : 19
 Flip-Flops                                            : 19

=========================================================================

=========================================================================
*                           Partition Report                            *
=========================================================================

Partition Implementation Status
-------------------------------

  No Partitions were found in this design.

-------------------------------

=========================================================================
*                            Final Report                               *
=========================================================================
Final Results
RTL Top Level Output File Name     : CLK_Divider2.ngr
Top Level Output File Name         : CLK_Divider2
Output Format                      : NGC
Optimization Goal                  : Speed
Keep Hierarchy                     : No

Design Statistics
# IOs                              : 2

Cell Usage :
# BELS                             : 81
#      GND                         : 1
#      INV                         : 2
#      LUT1                        : 19
#      LUT2                        : 1
#      LUT3                        : 1
#      LUT4                        : 8
#      MUXCY                       : 29
#      VCC                         : 1
#      XORCY                       : 19
# FlipFlops/Latches                : 19
#      FDR                         : 19
# Clock Buffers                    : 1
#      BUFGP                       : 1
# IO Buffers                       : 1
#      OBUF                        : 1
=========================================================================

Device utilization summary:
---------------------------

Selected Device : 3s50avq100-5 

 Number of Slices:                       16  out of    704     2%  
 Number of Slice Flip Flops:             19  out of   1408     1%  
 Number of 4 input LUTs:                 31  out of   1408     2%  
 Number of IOs:                           2
 Number of bonded IOBs:                   2  out of     68     2%  
 Number of GCLKs:                         1  out of     24     4%  

---------------------------
Partition Resource Summary:
---------------------------

  No Partitions were found in this design.

---------------------------


=========================================================================
TIMING REPORT

NOTE: THESE TIMING NUMBERS ARE ONLY A SYNTHESIS ESTIMATE.
      FOR ACCURATE TIMING INFORMATION PLEASE REFER TO THE TRACE REPORT
      GENERATED AFTER PLACE-and-ROUTE.

Clock Information:
------------------
-----------------------------------+------------------------+-------+
Clock Signal                       | Clock buffer(FF name)  | Load  |
-----------------------------------+------------------------+-------+
MCLK                               | BUFGP                  | 19    |
-----------------------------------+------------------------+-------+

Asynchronous Control Signals Information:
----------------------------------------
No asynchronous control signals found in this design

Timing Summary:
---------------
Speed Grade: -5

   Minimum period: 4.854ns (Maximum Frequency: 206.033MHz)
   Minimum input arrival time before clock: No path found
   Maximum output required time after clock: 7.265ns
   Maximum combinational path delay: No path found

Timing Detail:
--------------
All values displayed in nanoseconds (ns)

=========================================================================
Timing constraint: Default period analysis for Clock 'MCLK'
  Clock period: 4.854ns (frequency: 206.033MHz)
  Total number of paths / destination ports: 551 / 38
-------------------------------------------------------------------------
Delay:               4.854ns (Levels of Logic = 8)
  Source:            counter_0 (FF)
  Destination:       counter_0 (FF)
  Source Clock:      MCLK rising
  Destination Clock: MCLK rising

  Data Path: counter_0 to counter_0
                                Gate     Net
    Cell:in->out      fanout   Delay   Delay  Logical Name (Net Name)
    ----------------------------------------  ------------
     FDR:C->Q              3   0.495   0.559  counter_0 (counter_0)
     LUT4:I0->O            1   0.561   0.000  Mcompar_counter_cmp_le0000_lut<0> (Mcompar_counter_cmp_le0000_lut<0>)
     MUXCY:S->O            1   0.523   0.000  Mcompar_counter_cmp_le0000_cy<0> (Mcompar_counter_cmp_le0000_cy<0>)
     MUXCY:CI->O           1   0.065   0.000  Mcompar_counter_cmp_le0000_cy<1> (Mcompar_counter_cmp_le0000_cy<1>)
     MUXCY:CI->O           1   0.065   0.000  Mcompar_counter_cmp_le0000_cy<2> (Mcompar_counter_cmp_le0000_cy<2>)
     MUXCY:CI->O           1   0.065   0.000  Mcompar_counter_cmp_le0000_cy<3> (Mcompar_counter_cmp_le0000_cy<3>)
     MUXCY:CI->O           1   0.065   0.000  Mcompar_counter_cmp_le0000_cy<4> (Mcompar_counter_cmp_le0000_cy<4>)
     MUXCY:CI->O           1   0.179   0.357  Mcompar_counter_cmp_le0000_cy<5> (counter_cmp_le0000)
     INV:I->O             19   0.562   0.922  counter_not00011_INV_0 (counter_not0001)
     FDR:R                     0.435          counter_0
    ----------------------------------------
    Total                      4.854ns (3.015ns logic, 1.839ns route)
                                       (62.1% logic, 37.9% route)

=========================================================================
Timing constraint: Default OFFSET OUT AFTER for Clock 'MCLK'
  Total number of paths / destination ports: 19 / 1
-------------------------------------------------------------------------
Offset:              7.265ns (Levels of Logic = 7)
  Source:            counter_7 (FF)
  Destination:       Eight_clk_div (PAD)
  Source Clock:      MCLK rising

  Data Path: counter_7 to Eight_clk_div
                                Gate     Net
    Cell:in->out      fanout   Delay   Delay  Logical Name (Net Name)
    ----------------------------------------  ------------
     FDR:C->Q              3   0.495   0.559  counter_7 (counter_7)
     LUT3:I0->O            1   0.561   0.000  Eight_clk_div_cmp_eq0000_wg_lut<0> (Eight_clk_div_cmp_eq0000_wg_lut<0>)
     MUXCY:S->O            1   0.523   0.000  Eight_clk_div_cmp_eq0000_wg_cy<0> (Eight_clk_div_cmp_eq0000_wg_cy<0>)
     MUXCY:CI->O           1   0.065   0.000  Eight_clk_div_cmp_eq0000_wg_cy<1> (Eight_clk_div_cmp_eq0000_wg_cy<1>)
     MUXCY:CI->O           1   0.065   0.000  Eight_clk_div_cmp_eq0000_wg_cy<2> (Eight_clk_div_cmp_eq0000_wg_cy<2>)
     MUXCY:CI->O           1   0.065   0.000  Eight_clk_div_cmp_eq0000_wg_cy<3> (Eight_clk_div_cmp_eq0000_wg_cy<3>)
     MUXCY:CI->O           1   0.179   0.357  Eight_clk_div_cmp_eq0000_wg_cy<4> (Eight_clk_div_OBUF)
     OBUF:I->O                 4.396          Eight_clk_div_OBUF (Eight_clk_div)
    ----------------------------------------
    Total                      7.265ns (6.349ns logic, 0.916ns route)
                                       (87.4% logic, 12.6% route)

=========================================================================


Total REAL time to Xst completion: 6.00 secs
Total CPU time to Xst completion: 6.82 secs
 
--> 

Total memory usage is 4535176 kilobytes

Number of errors   :    0 (   0 filtered)
Number of warnings :    0 (   0 filtered)
Number of infos    :    0 (   0 filtered)

