Release 14.7 - xst P.20131013 (nt64)
Copyright (c) 1995-2013 Xilinx, Inc.  All rights reserved.
--> Parameter TMPDIR set to xst/projnav.tmp


Total REAL time to Xst completion: 0.00 secs
Total CPU time to Xst completion: 0.20 secs
 
--> Parameter xsthdpdir set to xst


Total REAL time to Xst completion: 0.00 secs
Total CPU time to Xst completion: 0.21 secs
 
--> Reading design: SDriver.prj

TABLE OF CONTENTS
  1) Synthesis Options Summary
  2) HDL Compilation
  3) Design Hierarchy Analysis
  4) HDL Analysis
  5) HDL Synthesis
     5.1) HDL Synthesis Report
  6) Advanced HDL Synthesis
     6.1) Advanced HDL Synthesis Report
  7) Low Level Synthesis
  8) Partition Report
  9) Final Report
	9.1) Device utilization summary
	9.2) Partition Resource Summary
	9.3) TIMING REPORT


=========================================================================
*                      Synthesis Options Summary                        *
=========================================================================
---- Source Parameters
Input File Name                    : "SDriver.prj"
Input Format                       : mixed
Ignore Synthesis Constraint File   : NO

---- Target Parameters
Output File Name                   : "SDriver"
Output Format                      : NGC
Target Device                      : xc3s50a-5-vq100

---- Source Options
Top Module Name                    : SDriver
Automatic FSM Extraction           : YES
FSM Encoding Algorithm             : Auto
Safe Implementation                : No
FSM Style                          : LUT
RAM Extraction                     : Yes
RAM Style                          : Auto
ROM Extraction                     : Yes
Mux Style                          : Auto
Decoder Extraction                 : YES
Priority Encoder Extraction        : Yes
Shift Register Extraction          : YES
Logical Shifter Extraction         : YES
XOR Collapsing                     : YES
ROM Style                          : Auto
Mux Extraction                     : Yes
Resource Sharing                   : YES
Asynchronous To Synchronous        : NO
Multiplier Style                   : Auto
Automatic Register Balancing       : No

---- Target Options
Add IO Buffers                     : YES
Global Maximum Fanout              : 100000
Add Generic Clock Buffer(BUFG)     : 24
Register Duplication               : YES
Slice Packing                      : YES
Optimize Instantiated Primitives   : NO
Use Clock Enable                   : Yes
Use Synchronous Set                : Yes
Use Synchronous Reset              : Yes
Pack IO Registers into IOBs        : Auto
Equivalent register Removal        : YES

---- General Options
Optimization Goal                  : Speed
Optimization Effort                : 1
Keep Hierarchy                     : No
Netlist Hierarchy                  : As_Optimized
RTL Output                         : Yes
Global Optimization                : AllClockNets
Read Cores                         : YES
Write Timing Constraints           : NO
Cross Clock Analysis               : NO
Hierarchy Separator                : /
Bus Delimiter                      : <>
Case Specifier                     : Maintain
Slice Utilization Ratio            : 100
BRAM Utilization Ratio             : 100
Verilog 2001                       : YES
Auto BRAM Packing                  : NO
Slice Utilization Ratio Delta      : 5

=========================================================================


=========================================================================
*                          HDL Compilation                              *
=========================================================================
Compiling vhdl file "C:/Users/otal19/Desktop/Project/WoodalNumbers/SDriver.vhd" in Library work.
Entity <SDriver> compiled.
Entity <SDriver> (Architecture <Behavioral>) compiled.

=========================================================================
*                     Design Hierarchy Analysis                         *
=========================================================================
Analyzing hierarchy for entity <SDriver> in library <work> (architecture <Behavioral>).


=========================================================================
*                            HDL Analysis                               *
=========================================================================
Analyzing Entity <SDriver> in library <work> (Architecture <Behavioral>).
Entity <SDriver> analyzed. Unit <SDriver> generated.


=========================================================================
*                           HDL Synthesis                               *
=========================================================================

Performing bidirectional port resolution...

Synthesizing Unit <SDriver>.
    Related source file is "C:/Users/otal19/Desktop/Project/WoodalNumbers/SDriver.vhd".
    Found 8x8-bit ROM for signal <SEV_SEG_DRIVER>.
    Found 3-bit up counter for signal <counter>.
    Summary:
	inferred   1 ROM(s).
	inferred   1 Counter(s).
Unit <SDriver> synthesized.


=========================================================================
HDL Synthesis Report

Macro Statistics
# ROMs                                                 : 1
 8x8-bit ROM                                           : 1
# Counters                                             : 1
 3-bit up counter                                      : 1

=========================================================================

=========================================================================
*                       Advanced HDL Synthesis                          *
=========================================================================


=========================================================================
Advanced HDL Synthesis Report

Macro Statistics
# ROMs                                                 : 1
 8x8-bit ROM                                           : 1
# Counters                                             : 1
 3-bit up counter                                      : 1

=========================================================================

=========================================================================
*                         Low Level Synthesis                           *
=========================================================================

Optimizing unit <SDriver> ...

Mapping all equations...
Building and optimizing final netlist ...
Found area constraint ratio of 100 (+ 5) on block SDriver, actual ratio is 4.
FlipFlop counter_1 has been replicated 1 time(s)
FlipFlop counter_2 has been replicated 1 time(s)

Final Macro Processing ...

=========================================================================
Final Register Report

Macro Statistics
# Registers                                            : 5
 Flip-Flops                                            : 5

=========================================================================

=========================================================================
*                           Partition Report                            *
=========================================================================

Partition Implementation Status
-------------------------------

  No Partitions were found in this design.

-------------------------------

=========================================================================
*                            Final Report                               *
=========================================================================
Final Results
RTL Top Level Output File Name     : SDriver.ngr
Top Level Output File Name         : SDriver
Output Format                      : NGC
Optimization Goal                  : Speed
Keep Hierarchy                     : No

Design Statistics
# IOs                              : 54

Cell Usage :
# BELS                             : 50
#      LUT2                        : 2
#      LUT3                        : 19
#      LUT4                        : 24
#      MUXF5                       : 4
#      VCC                         : 1
# FlipFlops/Latches                : 5
#      FD                          : 4
#      FDR                         : 1
# Clock Buffers                    : 1
#      BUFGP                       : 1
# IO Buffers                       : 53
#      IBUF                        : 41
#      OBUF                        : 12
=========================================================================

Device utilization summary:
---------------------------

Selected Device : 3s50avq100-5 

 Number of Slices:                       25  out of    704     3%  
 Number of Slice Flip Flops:              5  out of   1408     0%  
 Number of 4 input LUTs:                 45  out of   1408     3%  
 Number of IOs:                          54
 Number of bonded IOBs:                  54  out of     68    79%  
 Number of GCLKs:                         1  out of     24     4%  

---------------------------
Partition Resource Summary:
---------------------------

  No Partitions were found in this design.

---------------------------


=========================================================================
TIMING REPORT

NOTE: THESE TIMING NUMBERS ARE ONLY A SYNTHESIS ESTIMATE.
      FOR ACCURATE TIMING INFORMATION PLEASE REFER TO THE TRACE REPORT
      GENERATED AFTER PLACE-and-ROUTE.

Clock Information:
------------------
-----------------------------------+------------------------+-------+
Clock Signal                       | Clock buffer(FF name)  | Load  |
-----------------------------------+------------------------+-------+
CLK                                | BUFGP                  | 5     |
-----------------------------------+------------------------+-------+

Asynchronous Control Signals Information:
----------------------------------------
No asynchronous control signals found in this design

Timing Summary:
---------------
Speed Grade: -5

   Minimum period: 2.184ns (Maximum Frequency: 457.781MHz)
   Minimum input arrival time before clock: No path found
   Maximum output required time after clock: 9.430ns
   Maximum combinational path delay: 9.566ns

Timing Detail:
--------------
All values displayed in nanoseconds (ns)

=========================================================================
Timing constraint: Default period analysis for Clock 'CLK'
  Clock period: 2.184ns (frequency: 457.781MHz)
  Total number of paths / destination ports: 11 / 5
-------------------------------------------------------------------------
Delay:               2.184ns (Levels of Logic = 1)
  Source:            counter_0 (FF)
  Destination:       counter_1 (FF)
  Source Clock:      CLK rising
  Destination Clock: CLK rising

  Data Path: counter_0 to counter_1
                                Gate     Net
    Cell:in->out      fanout   Delay   Delay  Logical Name (Net Name)
    ----------------------------------------  ------------
     FDR:C->Q             15   0.495   0.930  counter_0 (counter_0)
     LUT2:I1->O            2   0.562   0.000  Mcount_counter_xor<1>11 (Result<1>)
     FD:D                      0.197          counter_1
    ----------------------------------------
    Total                      2.184ns (1.254ns logic, 0.930ns route)
                                       (57.4% logic, 42.6% route)

=========================================================================
Timing constraint: Default OFFSET OUT AFTER for Clock 'CLK'
  Total number of paths / destination ports: 92 / 12
-------------------------------------------------------------------------
Offset:              9.430ns (Levels of Logic = 5)
  Source:            counter_2 (FF)
  Destination:       SEV_SEG_DATA<3> (PAD)
  Source Clock:      CLK rising

  Data Path: counter_2 to SEV_SEG_DATA<3>
                                Gate     Net
    Cell:in->out      fanout   Delay   Delay  Logical Name (Net Name)
    ----------------------------------------  ------------
     FD:C->Q              26   0.495   1.094  counter_2 (counter_2)
     LUT3:I2->O            8   0.561   0.709  SEV_SEG_DATA<0>21 (N11)
     LUT4:I1->O            1   0.562   0.465  SEV_SEG_DATA<3>4 (SEV_SEG_DATA<3>4)
     LUT4:I0->O            1   0.561   0.000  SEV_SEG_DATA<3>116_F (N17)
     MUXF5:I0->O           1   0.229   0.357  SEV_SEG_DATA<3>116 (SEV_SEG_DATA_3_OBUF)
     OBUF:I->O                 4.396          SEV_SEG_DATA_3_OBUF (SEV_SEG_DATA<3>)
    ----------------------------------------
    Total                      9.430ns (6.804ns logic, 2.626ns route)
                                       (72.2% logic, 27.8% route)

=========================================================================
Timing constraint: Default path analysis
  Total number of paths / destination ports: 72 / 4
-------------------------------------------------------------------------
Delay:               9.566ns (Levels of Logic = 6)
  Source:            button (PAD)
  Destination:       SEV_SEG_DATA<3> (PAD)

  Data Path: button to SEV_SEG_DATA<3>
                                Gate     Net
    Cell:in->out      fanout   Delay   Delay  Logical Name (Net Name)
    ----------------------------------------  ------------
     IBUF:I->O            11   0.824   0.901  button_IBUF (button_IBUF)
     LUT3:I0->O            8   0.561   0.709  SEV_SEG_DATA<0>21 (N11)
     LUT4:I1->O            1   0.562   0.465  SEV_SEG_DATA<3>4 (SEV_SEG_DATA<3>4)
     LUT4:I0->O            1   0.561   0.000  SEV_SEG_DATA<3>116_F (N17)
     MUXF5:I0->O           1   0.229   0.357  SEV_SEG_DATA<3>116 (SEV_SEG_DATA_3_OBUF)
     OBUF:I->O                 4.396          SEV_SEG_DATA_3_OBUF (SEV_SEG_DATA<3>)
    ----------------------------------------
    Total                      9.566ns (7.133ns logic, 2.432ns route)
                                       (74.6% logic, 25.4% route)

=========================================================================


Total REAL time to Xst completion: 8.00 secs
Total CPU time to Xst completion: 7.98 secs
 
--> 

Total memory usage is 4534620 kilobytes

Number of errors   :    0 (   0 filtered)
Number of warnings :    0 (   0 filtered)
Number of infos    :    0 (   0 filtered)

